#
# A fatal error has been detected by the Java Runtime Environment:
#
#  Internal Error (c1_Runtime1.cpp:899), pid=1002, tid=0x0000000000006303
#  fatal error: unexpected bytecode for load_klass_or_mirror_patch_id
#
# JRE version: Java(TM) SE Runtime Environment (8.0_162-b12) (build 1.8.0_162-b12)
# Java VM: Java HotSpot(TM) 64-Bit Server VM (25.162-b12 mixed mode bsd-amd64 compressed oops)
# Failed to write core dump. Core dumps have been disabled. To enable core dumping, try "ulimit -c unlimited" before starting Java again
#
# If you would like to submit a bug report, please visit:
#   http://bugreport.java.com/bugreport/crash.jsp
#

---------------  T H R E A D  ---------------

Current thread (0x00007fa96125b800):  JavaThread "http-nio-8082-exec-2" daemon [_thread_in_vm, id=25347, stack(0x000070000a58b000,0x000070000a68b000)]

Stack: [0x000070000a58b000,0x000070000a68b000]
Java frames: (J=compiled Java code, j=interpreted, Vv=VM code)
v  ~RuntimeStub::load_klass_patching Runtime1 stub
C  0x00000001120e2085
j  java.nio.HeapCharBuffer.<init>([CII)V+10
j  java.nio.CharBuffer.wrap([CII)Ljava/nio/CharBuffer;+7
j  sun.nio.cs.StreamEncoder.implWrite([CII)V+3
j  sun.nio.cs.StreamEncoder.write([CII)V+60
j  java.io.OutputStreamWriter.write([CII)V+7
j  java.io.BufferedWriter.flushBuffer()V+34
j  java.io.PrintStream.write(Ljava/lang/String;)V+20
j  java.io.PrintStream.print(Ljava/lang/String;)V+9
j  java.io.PrintStream.println(Ljava/lang/String;)V+6
j  my.project.BenasProject.services.PayloadEnrichService.enrichPayload(Ljava/lang/String;)Ljava/lang/String;+167
j  my.project.BenasProject.rest.RestEnpoints.getResponseEntity(Ljava/lang/String;)V+48
v  ~StubRoutines::call_stub
J 1988  sun.reflect.NativeMethodAccessorImpl.invoke0(Ljava/lang/reflect/Method;Ljava/lang/Object;[Ljava/lang/Object;)Ljava/lang/Object; (0 bytes) @ 0x000000011226e837 [0x000000011226e7c0+0x77]
J 1987 C1 sun.reflect.NativeMethodAccessorImpl.invoke(Ljava/lang/Object;[Ljava/lang/Object;)Ljava/lang/Object; (104 bytes) @ 0x000000011226f68c [0x000000011226f2a0+0x3ec]
J 1473 C1 sun.reflect.DelegatingMethodAccessorImpl.invoke(Ljava/lang/Object;[Ljava/lang/Object;)Ljava/lang/Object; (10 bytes) @ 0x0000000112129c64 [0x0000000112129c00+0x64]
J 1472 C1 java.lang.reflect.Method.invoke(Ljava/lang/Object;[Ljava/lang/Object;)Ljava/lang/Object; (62 bytes) @ 0x000000011212981c [0x00000001121296e0+0x13c]
j  org.springframework.web.method.support.InvocableHandlerMethod.doInvoke([Ljava/lang/Object;)Ljava/lang/Object;+16
j  org.springframework.web.method.support.InvocableHandlerMethod.invokeForRequest(Lorg/springframework/web/context/request/NativeWebRequest;Lorg/springframework/web/method/support/ModelAndViewContainer;[Ljava/lang/Object;)Ljava/lang/Object;+56
j  org.springframework.web.servlet.mvc.method.annotation.ServletInvocableHandlerMethod.invokeAndHandle(Lorg/springframework/web/context/request/ServletWebRequest;Lorg/springframework/web/method/support/ModelAndViewContainer;[Ljava/lang/Object;)V+4
j  org.springframework.web.servlet.mvc.method.annotation.RequestMappingHandlerAdapter.invokeHandlerMethod(Ljavax/servlet/http/HttpServletRequest;Ljavax/servlet/http/HttpServletResponse;Lorg/springframework/web/method/HandlerMethod;)Lorg/springframework/web/servlet/ModelAndView;+244
j  org.springframework.web.servlet.mvc.method.annotation.RequestMappingHandlerAdapter.handleInternal(Ljavax/servlet/http/HttpServletRequest;Ljavax/servlet/http/HttpServletResponse;Lorg/springframework/web/method/HandlerMethod;)Lorg/springframework/web/servlet/ModelAndView;+81
j  org.springframework.web.servlet.mvc.method.AbstractHandlerMethodAdapter.handle(Ljavax/servlet/http/HttpServletRequest;Ljavax/servlet/http/HttpServletResponse;Ljava/lang/Object;)Lorg/springframework/web/servlet/ModelAndView;+7
j  org.springframework.web.servlet.DispatcherServlet.doDispatch(Ljavax/servlet/http/HttpServletRequest;Ljavax/servlet/http/HttpServletResponse;)V+257
j  org.springframework.web.servlet.DispatcherServlet.doService(Ljavax/servlet/http/HttpServletRequest;Ljavax/servlet/http/HttpServletResponse;)V+212
j  org.springframework.web.servlet.FrameworkServlet.processRequest(Ljavax/servlet/http/HttpServletRequest;Ljavax/servlet/http/HttpServletResponse;)V+71
j  org.springframework.web.servlet.FrameworkServlet.doPost(Ljavax/servlet/http/HttpServletRequest;Ljavax/servlet/http/HttpServletResponse;)V+3
j  javax.servlet.http.HttpServlet.service(Ljavax/servlet/http/HttpServletRequest;Ljavax/servlet/http/HttpServletResponse;)V+149
j  org.springframework.web.servlet.FrameworkServlet.service(Ljavax/servlet/http/HttpServletRequest;Ljavax/servlet/http/HttpServletResponse;)V+33
j  javax.servlet.http.HttpServlet.service(Ljavax/servlet/ServletRequest;Ljavax/servlet/ServletResponse;)V+36
j  org.apache.catalina.core.ApplicationFilterChain.internalDoFilter(Ljavax/servlet/ServletRequest;Ljavax/servlet/ServletResponse;)V+304
j  org.apache.catalina.core.ApplicationFilterChain.doFilter(Ljavax/servlet/ServletRequest;Ljavax/servlet/ServletResponse;)V+101
j  org.apache.tomcat.websocket.server.WsFilter.doFilter(Ljavax/servlet/ServletRequest;Ljavax/servlet/ServletResponse;Ljavax/servlet/FilterChain;)V+21
j  org.apache.catalina.core.ApplicationFilterChain.internalDoFilter(Ljavax/servlet/ServletRequest;Ljavax/servlet/ServletResponse;)V+135
j  org.apache.catalina.core.ApplicationFilterChain.doFilter(Ljavax/servlet/ServletRequest;Ljavax/servlet/ServletResponse;)V+101
j  org.springframework.web.filter.RequestContextFilter.doFilterInternal(Ljavax/servlet/http/HttpServletRequest;Ljavax/servlet/http/HttpServletResponse;Ljavax/servlet/FilterChain;)V+21
j  org.springframework.web.filter.OncePerRequestFilter.doFilter(Ljavax/servlet/ServletRequest;Ljavax/servlet/ServletResponse;Ljavax/servlet/FilterChain;)V+111
j  org.apache.catalina.core.ApplicationFilterChain.internalDoFilter(Ljavax/servlet/ServletRequest;Ljavax/servlet/ServletResponse;)V+135
j  org.apache.catalina.core.ApplicationFilterChain.doFilter(Ljavax/servlet/ServletRequest;Ljavax/servlet/ServletResponse;)V+101
j  org.springframework.web.filter.FormContentFilter.doFilterInternal(Ljavax/servlet/http/HttpServletRequest;Ljavax/servlet/http/HttpServletResponse;Ljavax/servlet/FilterChain;)V+38
j  org.springframework.web.filter.OncePerRequestFilter.doFilter(Ljavax/servlet/ServletRequest;Ljavax/servlet/ServletResponse;Ljavax/servlet/FilterChain;)V+111
j  org.apache.catalina.core.ApplicationFilterChain.internalDoFilter(Ljavax/servlet/ServletRequest;Ljavax/servlet/ServletResponse;)V+135
j  org.apache.catalina.core.ApplicationFilterChain.doFilter(Ljavax/servlet/ServletRequest;Ljavax/servlet/ServletResponse;)V+101
j  org.springframework.web.filter.HiddenHttpMethodFilter.doFilterInternal(Ljavax/servlet/http/HttpServletRequest;Ljavax/servlet/http/HttpServletResponse;Ljavax/servlet/FilterChain;)V+87
j  org.springframework.web.filter.OncePerRequestFilter.doFilter(Ljavax/servlet/ServletRequest;Ljavax/servlet/ServletResponse;Ljavax/servlet/FilterChain;)V+111
j  org.apache.catalina.core.ApplicationFilterChain.internalDoFilter(Ljavax/servlet/ServletRequest;Ljavax/servlet/ServletResponse;)V+135
j  org.apache.catalina.core.ApplicationFilterChain.doFilter(Ljavax/servlet/ServletRequest;Ljavax/servlet/ServletResponse;)V+101
j  org.springframework.web.filter.CharacterEncodingFilter.doFilterInternal(Ljavax/servlet/http/HttpServletRequest;Ljavax/servlet/http/HttpServletResponse;Ljavax/servlet/FilterChain;)V+53
j  org.springframework.web.filter.OncePerRequestFilter.doFilter(Ljavax/servlet/ServletRequest;Ljavax/servlet/ServletResponse;Ljavax/servlet/FilterChain;)V+111
j  org.apache.catalina.core.ApplicationFilterChain.internalDoFilter(Ljavax/servlet/ServletRequest;Ljavax/servlet/ServletResponse;)V+135
j  org.apache.catalina.core.ApplicationFilterChain.doFilter(Ljavax/servlet/ServletRequest;Ljavax/servlet/ServletResponse;)V+101
j  org.apache.catalina.core.StandardWrapperValve.invoke(Lorg/apache/catalina/connector/Request;Lorg/apache/catalina/connector/Response;)V+688
j  org.apache.catalina.core.StandardContextValve.invoke(Lorg/apache/catalina/connector/Request;Lorg/apache/catalina/connector/Response;)V+166
j  org.apache.catalina.authenticator.AuthenticatorBase.invoke(Lorg/apache/catalina/connector/Request;Lorg/apache/catalina/connector/Response;)V+260
j  org.apache.catalina.core.StandardHostValve.invoke(Lorg/apache/catalina/connector/Request;Lorg/apache/catalina/connector/Response;)V+114
j  org.apache.catalina.valves.ErrorReportValve.invoke(Lorg/apache/catalina/connector/Request;Lorg/apache/catalina/connector/Response;)V+6
j  org.apache.catalina.core.StandardEngineValve.invoke(Lorg/apache/catalina/connector/Request;Lorg/apache/catalina/connector/Response;)V+45
j  org.apache.catalina.connector.CoyoteAdapter.service(Lorg/apache/coyote/Request;Lorg/apache/coyote/Response;)V+199
j  org.apache.coyote.http11.Http11Processor.service(Lorg/apache/tomcat/util/net/SocketWrapperBase;)Lorg/apache/tomcat/util/net/AbstractEndpoint$Handler$SocketState;+791
j  org.apache.coyote.AbstractProcessorLight.process(Lorg/apache/tomcat/util/net/SocketWrapperBase;Lorg/apache/tomcat/util/net/SocketEvent;)Lorg/apache/tomcat/util/net/AbstractEndpoint$Handler$SocketState;+113
j  org.apache.coyote.AbstractProtocol$ConnectionHandler.process(Lorg/apache/tomcat/util/net/SocketWrapperBase;Lorg/apache/tomcat/util/net/SocketEvent;)Lorg/apache/tomcat/util/net/AbstractEndpoint$Handler$SocketState;+422
j  org.apache.tomcat.util.net.NioEndpoint$SocketProcessor.doRun()V+191
j  org.apache.tomcat.util.net.SocketProcessorBase.run()V+21
j  java.util.concurrent.ThreadPoolExecutor.runWorker(Ljava/util/concurrent/ThreadPoolExecutor$Worker;)V+95
j  java.util.concurrent.ThreadPoolExecutor$Worker.run()V+5
j  org.apache.tomcat.util.threads.TaskThread$WrappingRunnable.run()V+4
j  java.lang.Thread.run()V+11
v  ~StubRoutines::call_stub

---------------  P R O C E S S  ---------------

Java Threads: ( => current thread )
  0x00007fa961904800 JavaThread "RMI TCP Connection(5)-127.0.0.1" daemon [_thread_in_native, id=3591, stack(0x000070000b2b2000,0x000070000b3b2000)]
  0x00007fa95f141800 JavaThread "RMI TCP Connection(idle)" daemon [_thread_blocked, id=34819, stack(0x000070000b3b5000,0x000070000b4b5000)]
  0x00007fa9602b4800 JavaThread "RMI TCP Connection(3)-127.0.0.1" daemon [_thread_in_native, id=35591, stack(0x000070000b1af000,0x000070000b2af000)]
  0x00007fa961261000 JavaThread "DestroyJavaVM" [_thread_blocked, id=9731, stack(0x0000700008222000,0x0000700008322000)]
  0x00007fa9602ad800 JavaThread "http-nio-8082-Acceptor-0" daemon [_thread_in_native, id=28163, stack(0x000070000b0ac000,0x000070000b1ac000)]
  0x00007fa95ebf7000 JavaThread "http-nio-8082-ClientPoller-1" daemon [_thread_in_native, id=27907, stack(0x000070000afa9000,0x000070000b0a9000)]
  0x00007fa95ebf4800 JavaThread "http-nio-8082-ClientPoller-0" daemon [_thread_in_native, id=36611, stack(0x000070000aea6000,0x000070000afa6000)]
  0x00007fa95ebf1800 JavaThread "http-nio-8082-exec-10" daemon [_thread_blocked, id=36867, stack(0x000070000ada3000,0x000070000aea3000)]
  0x00007fa95ebf0800 JavaThread "http-nio-8082-exec-9" daemon [_thread_blocked, id=27395, stack(0x000070000aca0000,0x000070000ada0000)]
  0x00007fa9620c1000 JavaThread "http-nio-8082-exec-8" daemon [_thread_blocked, id=27139, stack(0x000070000ab9d000,0x000070000ac9d000)]
  0x00007fa960277000 JavaThread "http-nio-8082-exec-7" daemon [_thread_blocked, id=26883, stack(0x000070000aa9a000,0x000070000ab9a000)]
  0x00007fa95ebee000 JavaThread "http-nio-8082-exec-6" daemon [_thread_blocked, id=26371, stack(0x000070000a997000,0x000070000aa97000)]
  0x00007fa96125d800 JavaThread "http-nio-8082-exec-5" daemon [_thread_blocked, id=38147, stack(0x000070000a894000,0x000070000a994000)]
  0x00007fa96125d000 JavaThread "http-nio-8082-exec-4" daemon [_thread_blocked, id=38403, stack(0x000070000a791000,0x000070000a891000)]
  0x00007fa96125c000 JavaThread "http-nio-8082-exec-3" daemon [_thread_blocked, id=25603, stack(0x000070000a68e000,0x000070000a78e000)]
=>0x00007fa96125b800 JavaThread "http-nio-8082-exec-2" daemon [_thread_in_vm, id=25347, stack(0x000070000a58b000,0x000070000a68b000)]
  0x00007fa95e336000 JavaThread "http-nio-8082-exec-1" daemon [_thread_blocked, id=39171, stack(0x000070000a488000,0x000070000a588000)]
  0x00007fa95ebf0000 JavaThread "NioBlockingSelector.BlockPoller-1" daemon [_thread_in_native, id=24835, stack(0x000070000a385000,0x000070000a485000)]
  0x00007fa960276800 JavaThread "ForkJoinPool.commonPool-worker-1" daemon [_thread_blocked, id=40207, stack(0x000070000a17f000,0x000070000a27f000)]
  0x00007fa961221000 JavaThread "container-0" [_thread_blocked, id=24579, stack(0x000070000a07c000,0x000070000a17c000)]
  0x00007fa95ebbe000 JavaThread "Catalina-utility-2" [_thread_blocked, id=40715, stack(0x0000700009f79000,0x000070000a079000)]
  0x00007fa95e304000 JavaThread "Catalina-utility-1" [_thread_blocked, id=40979, stack(0x0000700009e76000,0x0000700009f76000)]
  0x00007fa95e113800 JavaThread "RMI Scheduler(0)" daemon [_thread_blocked, id=41475, stack(0x0000700009d73000,0x0000700009e73000)]
  0x00007fa9618d8800 JavaThread "RMI TCP Connection(idle)" daemon [_thread_blocked, id=23555, stack(0x0000700009c70000,0x0000700009d70000)]
  0x00007fa9610af000 JavaThread "RMI TCP Connection(1)-127.0.0.1" daemon [_thread_in_native, id=41987, stack(0x0000700009b6d000,0x0000700009c6d000)]
  0x00007fa95e8b0000 JavaThread "RMI TCP Accept-0" daemon [_thread_in_native, id=42755, stack(0x0000700009967000,0x0000700009a67000)]
  0x00007fa95e105800 JavaThread "RMI TCP Accept-49615" daemon [_thread_in_native, id=43011, stack(0x0000700009864000,0x0000700009964000)]
  0x00007fa962024800 JavaThread "RMI TCP Accept-0" daemon [_thread_in_native, id=22531, stack(0x0000700009761000,0x0000700009861000)]
  0x00007fa9608af800 JavaThread "Service Thread" daemon [_thread_blocked, id=43267, stack(0x000070000965e000,0x000070000975e000)]
  0x00007fa962027800 JavaThread "C1 CompilerThread3" daemon [_thread_blocked, id=21763, stack(0x000070000955b000,0x000070000965b000)]
  0x00007fa95f065000 JavaThread "C2 CompilerThread2" daemon [_thread_blocked, id=15619, stack(0x0000700009458000,0x0000700009558000)]
  0x00007fa96187b000 JavaThread "C2 CompilerThread1" daemon [_thread_blocked, id=15363, stack(0x0000700009355000,0x0000700009455000)]
  0x00007fa962026800 JavaThread "C2 CompilerThread0" daemon [_thread_blocked, id=15107, stack(0x0000700009252000,0x0000700009352000)]
  0x00007fa960012800 JavaThread "JDWP Command Reader" daemon [_thread_in_native, id=14851, stack(0x000070000914f000,0x000070000924f000)]
  0x00007fa96103d000 JavaThread "JDWP Event Helper Thread" daemon [_thread_blocked, id=14595, stack(0x000070000904c000,0x000070000914c000)]
  0x00007fa95f001800 JavaThread "JDWP Transport Listener: dt_socket" daemon [_thread_blocked, id=14343, stack(0x0000700008f49000,0x0000700009049000)]
  0x00007fa96080d800 JavaThread "Signal Dispatcher" daemon [_thread_blocked, id=17667, stack(0x0000700008e46000,0x0000700008f46000)]
  0x00007fa960011800 JavaThread "Finalizer" daemon [_thread_blocked, id=19203, stack(0x0000700008d43000,0x0000700008e43000)]
  0x00007fa960011000 JavaThread "Reference Handler" daemon [_thread_blocked, id=12547, stack(0x0000700008c40000,0x0000700008d40000)]

Other Threads:
  0x00007fa96080c800 VMThread [stack: 0x0000700008b3d000,0x0000700008c3d000] [id=12291]
  0x00007fa95f06b800 WatcherThread [stack: 0x0000700009a6a000,0x0000700009b6a000] [id=23299]

VM state:not at safepoint (normal execution)

VM Mutex/Monitor currently owned by a thread: None

Heap:
 PSYoungGen      total 195584K, used 79105K [0x000000076ab00000, 0x0000000779300000, 0x00000007c0000000)
  eden space 181760K, 43% used [0x000000076ab00000,0x000000076f840790,0x0000000775c80000)
  from space 13824K, 0% used [0x0000000776b80000,0x0000000776b80000,0x0000000777900000)
  to   space 15360K, 0% used [0x0000000775c80000,0x0000000775c80000,0x0000000776b80000)
 ParOldGen       total 140800K, used 16977K [0x00000006c0000000, 0x00000006c8980000, 0x000000076ab00000)
  object space 140800K, 12% used [0x00000006c0000000,0x00000006c1094490,0x00000006c8980000)
 Metaspace       used 39026K, capacity 40894K, committed 41088K, reserved 1085440K
  class space    used 5130K, capacity 5461K, committed 5504K, reserved 1048576K

Card table byte_map: [0x000000010e056000,0x000000010e857000] byte_map_base: 0x000000010aa56000

Marking Bits: (ParMarkBitMap*) 0x000000010d4f76c0
 Begin Bits: [0x0000000120dcd000, 0x0000000124dcd000)
 End Bits:   [0x0000000124dcd000, 0x0000000128dcd000)

Polling page: 0x000000010bbd2000

CodeCache: size=245760Kb used=8373Kb max_used=8373Kb free=237386Kb
 bounds [0x0000000111dcd000, 0x00000001125fd000, 0x0000000120dcd000]
 total_blobs=4242 nmethods=3796 adapters=366
 compilation: enabled

Compilation events (10 events):

[error occurred during error reporting (printing ring buffers), id 0xb]

Dynamic libraries:
0x0000000019296000 	/System/Library/Frameworks/Cocoa.framework/Versions/A/Cocoa
0x0000000019296000 	/System/Library/Frameworks/Security.framework/Versions/A/Security
0x0000000019296000 	/System/Library/Frameworks/ApplicationServices.framework/Versions/A/ApplicationServices
0x0000000019296000 	/usr/lib/libz.1.dylib
0x0000000019296000 	/usr/lib/libSystem.B.dylib
0x0000000019296000 	/usr/lib/libobjc.A.dylib
0x0000000019296000 	/System/Library/Frameworks/CoreFoundation.framework/Versions/A/CoreFoundation
0x0000000019296000 	/System/Library/Frameworks/Foundation.framework/Versions/C/Foundation
0x0000000019296000 	/System/Library/Frameworks/AppKit.framework/Versions/C/AppKit
0x0000000019296000 	/System/Library/Frameworks/CoreData.framework/Versions/A/CoreData
0x0000000019296000 	/System/Library/PrivateFrameworks/RemoteViewServices.framework/Versions/A/RemoteViewServices
0x0000000019296000 	/System/Library/PrivateFrameworks/UIFoundation.framework/Versions/A/UIFoundation
0x0000000019296000 	/System/Library/PrivateFrameworks/XCTTargetBootstrap.framework/Versions/A/XCTTargetBootstrap
0x0000000019296000 	/System/Library/Frameworks/CoreDisplay.framework/Versions/A/CoreDisplay
0x0000000019296000 	/System/Library/PrivateFrameworks/IconServices.framework/Versions/A/IconServices
0x0000000019296000 	/System/Library/Frameworks/Metal.framework/Versions/A/Metal
0x0000000019296000 	/System/Library/PrivateFrameworks/DesktopServicesPriv.framework/Versions/A/DesktopServicesPriv
0x0000000019296000 	/usr/lib/libenergytrace.dylib
0x0000000019296000 	/System/Library/PrivateFrameworks/SkyLight.framework/Versions/A/SkyLight
0x0000000019296000 	/System/Library/Frameworks/CoreGraphics.framework/Versions/A/CoreGraphics
0x0000000019296000 	/System/Library/Frameworks/Accelerate.framework/Versions/A/Accelerate
0x0000000019296000 	/System/Library/Frameworks/IOSurface.framework/Versions/A/IOSurface
0x0000000019296000 	/System/Library/PrivateFrameworks/DFRFoundation.framework/Versions/A/DFRFoundation
0x0000000019296000 	/System/Library/Frameworks/AudioToolbox.framework/Versions/A/AudioToolbox
0x0000000019296000 	/System/Library/Frameworks/AudioUnit.framework/Versions/A/AudioUnit
0x0000000019296000 	/System/Library/PrivateFrameworks/DataDetectorsCore.framework/Versions/A/DataDetectorsCore
0x0000000019296000 	/System/Library/Frameworks/Carbon.framework/Versions/A/Frameworks/HIToolbox.framework/Versions/A/HIToolbox
0x0000000019296000 	/usr/lib/libicucore.A.dylib
0x0000000019296000 	/System/Library/Frameworks/QuartzCore.framework/Versions/A/QuartzCore
0x0000000019296000 	/System/Library/Frameworks/Carbon.framework/Versions/A/Frameworks/SpeechRecognition.framework/Versions/A/SpeechRecognition
0x0000000019296000 	/usr/lib/libauto.dylib
0x0000000019296000 	/usr/lib/libxml2.2.dylib
0x0000000019296000 	/System/Library/PrivateFrameworks/CoreUI.framework/Versions/A/CoreUI
0x0000000019296000 	/System/Library/Frameworks/CoreAudio.framework/Versions/A/CoreAudio
0x0000000019296000 	/System/Library/Frameworks/DiskArbitration.framework/Versions/A/DiskArbitration
0x0000000019296000 	/usr/lib/liblangid.dylib
0x0000000019296000 	/System/Library/PrivateFrameworks/MultitouchSupport.framework/Versions/A/MultitouchSupport
0x0000000019296000 	/System/Library/Frameworks/IOKit.framework/Versions/A/IOKit
0x0000000019296000 	/usr/lib/libDiagnosticMessagesClient.dylib
0x0000000019296000 	/System/Library/Frameworks/CoreServices.framework/Versions/A/CoreServices
0x0000000019296000 	/System/Library/PrivateFrameworks/PerformanceAnalysis.framework/Versions/A/PerformanceAnalysis
0x0000000019296000 	/System/Library/Frameworks/OpenGL.framework/Versions/A/OpenGL
0x0000000019296000 	/System/Library/Frameworks/ColorSync.framework/Versions/A/ColorSync
0x0000000019296000 	/System/Library/Frameworks/CoreImage.framework/Versions/A/CoreImage
0x0000000019296000 	/System/Library/Frameworks/CoreText.framework/Versions/A/CoreText
0x0000000019296000 	/System/Library/Frameworks/ImageIO.framework/Versions/A/ImageIO
0x0000000019296000 	/System/Library/PrivateFrameworks/Backup.framework/Versions/A/Backup
0x0000000019296000 	/usr/lib/libarchive.2.dylib
0x0000000019296000 	/System/Library/Frameworks/CFNetwork.framework/Versions/A/CFNetwork
0x0000000019296000 	/System/Library/Frameworks/SystemConfiguration.framework/Versions/A/SystemConfiguration
0x0000000019296000 	/usr/lib/libCRFSuite.dylib
0x0000000019296000 	/usr/lib/libc++.1.dylib
0x0000000019296000 	/usr/lib/libc++abi.dylib
0x0000000019296000 	/usr/lib/system/libcache.dylib
0x0000000019296000 	/usr/lib/system/libcommonCrypto.dylib
0x0000000019296000 	/usr/lib/system/libcompiler_rt.dylib
0x0000000019296000 	/usr/lib/system/libcopyfile.dylib
0x0000000019296000 	/usr/lib/system/libcorecrypto.dylib
0x0000000019296000 	/usr/lib/system/libdispatch.dylib
0x0000000019296000 	/usr/lib/system/libdyld.dylib
0x0000000019296000 	/usr/lib/system/libkeymgr.dylib
0x0000000019296000 	/usr/lib/system/liblaunch.dylib
0x0000000019296000 	/usr/lib/system/libmacho.dylib
0x0000000019296000 	/usr/lib/system/libquarantine.dylib
0x0000000019296000 	/usr/lib/system/libremovefile.dylib
0x0000000019296000 	/usr/lib/system/libsystem_asl.dylib
0x0000000019296000 	/usr/lib/system/libsystem_blocks.dylib
0x0000000019296000 	/usr/lib/system/libsystem_c.dylib
0x0000000019296000 	/usr/lib/system/libsystem_configuration.dylib
0x0000000019296000 	/usr/lib/system/libsystem_coreservices.dylib
0x0000000019296000 	/usr/lib/system/libsystem_darwin.dylib
0x0000000019296000 	/usr/lib/system/libsystem_dnssd.dylib
0x0000000019296000 	/usr/lib/system/libsystem_info.dylib
0x0000000019296000 	/usr/lib/system/libsystem_m.dylib
0x0000000019296000 	/usr/lib/system/libsystem_malloc.dylib
0x0000000019296000 	/usr/lib/system/libsystem_networkextension.dylib
0x0000000019296000 	/usr/lib/system/libsystem_notify.dylib
0x0000000019296000 	/usr/lib/system/libsystem_sandbox.dylib
0x0000000019296000 	/usr/lib/system/libsystem_secinit.dylib
0x0000000019296000 	/usr/lib/system/libsystem_kernel.dylib
0x0000000019296000 	/usr/lib/system/libsystem_platform.dylib
0x0000000019296000 	/usr/lib/system/libsystem_pthread.dylib
0x0000000019296000 	/usr/lib/system/libsystem_symptoms.dylib
0x0000000019296000 	/usr/lib/system/libsystem_trace.dylib
0x0000000019296000 	/usr/lib/system/libunwind.dylib
0x0000000019296000 	/usr/lib/system/libxpc.dylib
0x0000000019296000 	/usr/lib/libbsm.0.dylib
0x0000000019296000 	/usr/lib/system/libkxld.dylib
0x0000000019296000 	/System/Library/PrivateFrameworks/AppleFSCompression.framework/Versions/A/AppleFSCompression
0x0000000019296000 	/usr/lib/libOpenScriptingUtil.dylib
0x0000000019296000 	/usr/lib/libcoretls.dylib
0x0000000019296000 	/usr/lib/libcoretls_cfhelpers.dylib
0x0000000019296000 	/usr/lib/libpam.2.dylib
0x0000000019296000 	/usr/lib/libsqlite3.dylib
0x0000000019296000 	/usr/lib/libxar.1.dylib
0x0000000019296000 	/usr/lib/libbz2.1.0.dylib
0x0000000019296000 	/usr/lib/liblzma.5.dylib
0x0000000019296000 	/usr/lib/libnetwork.dylib
0x0000000019296000 	/usr/lib/libapple_nghttp2.dylib
0x0000000019296000 	/usr/lib/libpcap.A.dylib
0x0000000019296000 	/System/Library/Frameworks/CoreServices.framework/Versions/A/Frameworks/FSEvents.framework/Versions/A/FSEvents
0x0000000019296000 	/System/Library/Frameworks/CoreServices.framework/Versions/A/Frameworks/CarbonCore.framework/Versions/A/CarbonCore
0x0000000019296000 	/System/Library/Frameworks/CoreServices.framework/Versions/A/Frameworks/Metadata.framework/Versions/A/Metadata
0x0000000019296000 	/System/Library/Frameworks/CoreServices.framework/Versions/A/Frameworks/OSServices.framework/Versions/A/OSServices
0x0000000019296000 	/System/Library/Frameworks/CoreServices.framework/Versions/A/Frameworks/SearchKit.framework/Versions/A/SearchKit
0x0000000019296000 	/System/Library/Frameworks/CoreServices.framework/Versions/A/Frameworks/AE.framework/Versions/A/AE
0x0000000019296000 	/System/Library/Frameworks/CoreServices.framework/Versions/A/Frameworks/LaunchServices.framework/Versions/A/LaunchServices
0x0000000019296000 	/System/Library/Frameworks/CoreServices.framework/Versions/A/Frameworks/DictionaryServices.framework/Versions/A/DictionaryServices
0x0000000019296000 	/System/Library/Frameworks/CoreServices.framework/Versions/A/Frameworks/SharedFileList.framework/Versions/A/SharedFileList
0x0000000019296000 	/System/Library/Frameworks/NetFS.framework/Versions/A/NetFS
0x0000000019296000 	/System/Library/PrivateFrameworks/NetAuth.framework/Versions/A/NetAuth
0x0000000019296000 	/System/Library/PrivateFrameworks/login.framework/Versions/A/Frameworks/loginsupport.framework/Versions/A/loginsupport
0x0000000019296000 	/System/Library/PrivateFrameworks/TCC.framework/Versions/A/TCC
0x0000000019296000 	/System/Library/PrivateFrameworks/CoreNLP.framework/Versions/A/CoreNLP
0x0000000019296000 	/System/Library/PrivateFrameworks/MetadataUtilities.framework/Versions/A/MetadataUtilities
0x0000000019296000 	/usr/lib/libmecabra.dylib
0x0000000019296000 	/System/Library/Frameworks/ApplicationServices.framework/Versions/A/Frameworks/ATS.framework/Versions/A/ATS
0x0000000019296000 	/System/Library/Frameworks/ApplicationServices.framework/Versions/A/Frameworks/ColorSyncLegacy.framework/Versions/A/ColorSyncLegacy
0x0000000019296000 	/System/Library/Frameworks/ApplicationServices.framework/Versions/A/Frameworks/HIServices.framework/Versions/A/HIServices
0x0000000019296000 	/System/Library/Frameworks/ApplicationServices.framework/Versions/A/Frameworks/LangAnalysis.framework/Versions/A/LangAnalysis
0x0000000019296000 	/System/Library/Frameworks/ApplicationServices.framework/Versions/A/Frameworks/PrintCore.framework/Versions/A/PrintCore
0x0000000019296000 	/System/Library/Frameworks/ApplicationServices.framework/Versions/A/Frameworks/QD.framework/Versions/A/QD
0x0000000019296000 	/System/Library/Frameworks/ApplicationServices.framework/Versions/A/Frameworks/SpeechSynthesis.framework/Versions/A/SpeechSynthesis
0x0000000019296000 	/usr/lib/libcompression.dylib
0x0000000019296000 	/System/Library/Frameworks/MetalPerformanceShaders.framework/Versions/A/MetalPerformanceShaders
0x0000000019296000 	/System/Library/Frameworks/Accelerate.framework/Versions/A/Frameworks/vImage.framework/Versions/A/vImage
0x0000000019296000 	/System/Library/Frameworks/Accelerate.framework/Versions/A/Frameworks/vecLib.framework/Versions/A/vecLib
0x0000000019296000 	/System/Library/Frameworks/Accelerate.framework/Versions/A/Frameworks/vecLib.framework/Versions/A/libvMisc.dylib
0x0000000019296000 	/System/Library/Frameworks/Accelerate.framework/Versions/A/Frameworks/vecLib.framework/Versions/A/libvDSP.dylib
0x0000000019296000 	/System/Library/Frameworks/Accelerate.framework/Versions/A/Frameworks/vecLib.framework/Versions/A/libBLAS.dylib
0x0000000019296000 	/System/Library/Frameworks/Accelerate.framework/Versions/A/Frameworks/vecLib.framework/Versions/A/libLAPACK.dylib
0x0000000019296000 	/System/Library/Frameworks/Accelerate.framework/Versions/A/Frameworks/vecLib.framework/Versions/A/libLinearAlgebra.dylib
0x0000000019296000 	/System/Library/Frameworks/Accelerate.framework/Versions/A/Frameworks/vecLib.framework/Versions/A/libSparseBLAS.dylib
0x0000000019296000 	/System/Library/Frameworks/Accelerate.framework/Versions/A/Frameworks/vecLib.framework/Versions/A/libQuadrature.dylib
0x0000000019296000 	/System/Library/Frameworks/Accelerate.framework/Versions/A/Frameworks/vecLib.framework/Versions/A/libBNNS.dylib
0x0000000019296000 	/System/Library/Frameworks/Accelerate.framework/Versions/A/Frameworks/vecLib.framework/Versions/A/libSparse.dylib
0x0000000019296000 	/System/Library/PrivateFrameworks/GPUWrangler.framework/Versions/A/GPUWrangler
0x0000000019296000 	/System/Library/PrivateFrameworks/IOAccelerator.framework/Versions/A/IOAccelerator
0x0000000019296000 	/System/Library/PrivateFrameworks/IOPresentment.framework/Versions/A/IOPresentment
0x0000000019296000 	/System/Library/PrivateFrameworks/DSExternalDisplay.framework/Versions/A/DSExternalDisplay
0x0000000019296000 	/System/Library/Frameworks/OpenGL.framework/Versions/A/Libraries/libCoreFSCache.dylib
0x0000000019296000 	/System/Library/Frameworks/MetalPerformanceShaders.framework/Frameworks/MPSCore.framework/Versions/A/MPSCore
0x0000000019296000 	/System/Library/Frameworks/MetalPerformanceShaders.framework/Frameworks/MPSImage.framework/Versions/A/MPSImage
0x0000000019296000 	/System/Library/Frameworks/MetalPerformanceShaders.framework/Frameworks/MPSNeuralNetwork.framework/Versions/A/MPSNeuralNetwork
0x0000000019296000 	/System/Library/Frameworks/MetalPerformanceShaders.framework/Frameworks/MPSMatrix.framework/Versions/A/MPSMatrix
0x0000000019296000 	/System/Library/Frameworks/MetalPerformanceShaders.framework/Frameworks/MPSRayIntersector.framework/Versions/A/MPSRayIntersector
0x0000000019296000 	/System/Library/PrivateFrameworks/MetalTools.framework/Versions/A/MetalTools
0x0000000019296000 	/System/Library/PrivateFrameworks/AggregateDictionary.framework/Versions/A/AggregateDictionary
0x0000000019296000 	/usr/lib/libMobileGestalt.dylib
0x0000000019296000 	/System/Library/Frameworks/CoreVideo.framework/Versions/A/CoreVideo
0x0000000019296000 	/System/Library/PrivateFrameworks/GraphVisualizer.framework/Versions/A/GraphVisualizer
0x0000000019296000 	/System/Library/PrivateFrameworks/FaceCore.framework/Versions/A/FaceCore
0x0000000019296000 	/System/Library/Frameworks/OpenCL.framework/Versions/A/OpenCL
0x0000000019296000 	/usr/lib/libFosl_dynamic.dylib
0x0000000019296000 	/System/Library/PrivateFrameworks/OTSVG.framework/Versions/A/OTSVG
0x0000000019296000 	/System/Library/Frameworks/ApplicationServices.framework/Versions/A/Frameworks/ATS.framework/Versions/A/Resources/libFontParser.dylib
0x0000000019296000 	/System/Library/Frameworks/ApplicationServices.framework/Versions/A/Frameworks/ATS.framework/Versions/A/Resources/libFontRegistry.dylib
0x0000000019296000 	/System/Library/Frameworks/ImageIO.framework/Versions/A/Resources/libJPEG.dylib
0x0000000019296000 	/System/Library/Frameworks/ImageIO.framework/Versions/A/Resources/libTIFF.dylib
0x0000000019296000 	/System/Library/Frameworks/ImageIO.framework/Versions/A/Resources/libPng.dylib
0x0000000019296000 	/System/Library/Frameworks/ImageIO.framework/Versions/A/Resources/libGIF.dylib
0x0000000019296000 	/System/Library/Frameworks/ImageIO.framework/Versions/A/Resources/libJP2.dylib
0x0000000019296000 	/System/Library/Frameworks/ImageIO.framework/Versions/A/Resources/libRadiance.dylib
0x0000000019296000 	/System/Library/PrivateFrameworks/AppleJPEG.framework/Versions/A/AppleJPEG
0x0000000019296000 	/System/Library/Frameworks/OpenGL.framework/Versions/A/Libraries/libGFXShared.dylib
0x0000000019296000 	/System/Library/Frameworks/OpenGL.framework/Versions/A/Libraries/libGLU.dylib
0x0000000019296000 	/System/Library/Frameworks/OpenGL.framework/Versions/A/Libraries/libGL.dylib
0x0000000019296000 	/System/Library/Frameworks/OpenGL.framework/Versions/A/Libraries/libGLImage.dylib
0x0000000019296000 	/System/Library/Frameworks/OpenGL.framework/Versions/A/Libraries/libCVMSPluginSupport.dylib
0x0000000019296000 	/System/Library/Frameworks/OpenGL.framework/Versions/A/Libraries/libCoreVMClient.dylib
0x0000000019296000 	/usr/lib/libcups.2.dylib
0x0000000019296000 	/System/Library/Frameworks/Kerberos.framework/Versions/A/Kerberos
0x0000000019296000 	/System/Library/Frameworks/GSS.framework/Versions/A/GSS
0x0000000019296000 	/usr/lib/libresolv.9.dylib
0x0000000019296000 	/usr/lib/libiconv.2.dylib
0x0000000019296000 	/System/Library/PrivateFrameworks/Heimdal.framework/Versions/A/Heimdal
0x0000000019296000 	/usr/lib/libheimdal-asn1.dylib
0x0000000019296000 	/System/Library/Frameworks/OpenDirectory.framework/Versions/A/OpenDirectory
0x0000000019296000 	/System/Library/PrivateFrameworks/CommonAuth.framework/Versions/A/CommonAuth
0x0000000019296000 	/System/Library/Frameworks/OpenDirectory.framework/Versions/A/Frameworks/CFOpenDirectory.framework/Versions/A/CFOpenDirectory
0x0000000019296000 	/System/Library/Frameworks/SecurityFoundation.framework/Versions/A/SecurityFoundation
0x0000000019296000 	/System/Library/PrivateFrameworks/APFS.framework/Versions/A/APFS
0x0000000019296000 	/usr/lib/libutil.dylib
0x0000000019296000 	/usr/lib/libcharset.1.dylib
0x0000000019296000 	/System/Library/PrivateFrameworks/AppleSauce.framework/Versions/A/AppleSauce
0x0000000019296000 	/System/Library/PrivateFrameworks/AssertionServices.framework/Versions/A/AssertionServices
0x0000000019296000 	/System/Library/PrivateFrameworks/BaseBoard.framework/Versions/A/BaseBoard
0x0000000019296000 	/usr/lib/libmecab.1.0.0.dylib
0x0000000019296000 	/usr/lib/libgermantok.dylib
0x0000000019296000 	/usr/lib/libThaiTokenizer.dylib
0x0000000019296000 	/usr/lib/libChineseTokenizer.dylib
0x0000000019296000 	/System/Library/PrivateFrameworks/LanguageModeling.framework/Versions/A/LanguageModeling
0x0000000019296000 	/System/Library/PrivateFrameworks/CoreEmoji.framework/Versions/A/CoreEmoji
0x0000000019296000 	/System/Library/PrivateFrameworks/Lexicon.framework/Versions/A/Lexicon
0x0000000019296000 	/System/Library/PrivateFrameworks/LinguisticData.framework/Versions/A/LinguisticData
0x0000000019296000 	/usr/lib/libcmph.dylib
0x0000000019296000 	/System/Library/Frameworks/ServiceManagement.framework/Versions/A/ServiceManagement
0x0000000019296000 	/System/Library/PrivateFrameworks/BackgroundTaskManagement.framework/Versions/A/BackgroundTaskManagement
0x0000000019296000 	/usr/lib/libxslt.1.dylib
0x0000000019296000 	/System/Library/Frameworks/Carbon.framework/Versions/A/Frameworks/Ink.framework/Versions/A/Ink
0x0000000019296000 	/System/Library/PrivateFrameworks/TextureIO.framework/Versions/A/TextureIO
0x0000000019296000 	/usr/lib/libate.dylib
0x0000000019296000 	/System/Library/PrivateFrameworks/CrashReporterSupport.framework/Versions/A/CrashReporterSupport
0x0000000019296000 	/System/Library/PrivateFrameworks/Sharing.framework/Versions/A/Sharing
0x0000000019296000 	/System/Library/PrivateFrameworks/AuthKit.framework/Versions/A/AuthKit
0x0000000019296000 	/System/Library/PrivateFrameworks/Apple80211.framework/Versions/A/Apple80211
0x0000000019296000 	/System/Library/PrivateFrameworks/CoreUtils.framework/Versions/A/CoreUtils
0x0000000019296000 	/System/Library/Frameworks/CoreWLAN.framework/Versions/A/CoreWLAN
0x0000000019296000 	/System/Library/Frameworks/IOBluetooth.framework/Versions/A/IOBluetooth
0x0000000019296000 	/System/Library/PrivateFrameworks/ProtocolBuffer.framework/Versions/A/ProtocolBuffer
0x0000000019296000 	/System/Library/PrivateFrameworks/MobileKeyBag.framework/Versions/A/MobileKeyBag
0x0000000019296000 	/System/Library/PrivateFrameworks/CorePhoneNumbers.framework/Versions/A/CorePhoneNumbers
0x0000000019296000 	/System/Library/PrivateFrameworks/AppleIDAuthSupport.framework/Versions/A/AppleIDAuthSupport
0x0000000019296000 	/System/Library/PrivateFrameworks/KeychainCircle.framework/Versions/A/KeychainCircle
0x0000000019296000 	/System/Library/PrivateFrameworks/ROCKit.framework/Versions/A/ROCKit
0x0000000019296000 	/System/Library/PrivateFrameworks/CoreWiFi.framework/Versions/A/CoreWiFi
0x0000000019296000 	/System/Library/Frameworks/CoreBluetooth.framework/Versions/A/CoreBluetooth
0x0000000019296000 	/System/Library/PrivateFrameworks/DebugSymbols.framework/Versions/A/DebugSymbols
0x0000000019296000 	/System/Library/PrivateFrameworks/CoreSymbolication.framework/Versions/A/CoreSymbolication
0x0000000019296000 	/System/Library/PrivateFrameworks/Symbolication.framework/Versions/A/Symbolication
0x0000000019296000 	/System/Library/PrivateFrameworks/SpeechRecognitionCore.framework/Versions/A/SpeechRecognitionCore
0x000000010cc00000 	/Library/Java/JavaVirtualMachines/jdk1.8.0_162.jdk/Contents/Home/jre/lib/server/libjvm.dylib
0x0000000019296000 	/usr/lib/libstdc++.6.dylib
0x000000010bb8e000 	/Library/Java/JavaVirtualMachines/jdk1.8.0_162.jdk/Contents/Home/jre/lib/libverify.dylib
0x000000010bb9c000 	/Library/Java/JavaVirtualMachines/jdk1.8.0_162.jdk/Contents/Home/jre/lib/libjava.dylib
0x000000010dbae000 	/Library/Java/JavaVirtualMachines/jdk1.8.0_162.jdk/Contents/Home/jre/lib/libjdwp.dylib
0x000000010bbd3000 	/Library/Java/JavaVirtualMachines/jdk1.8.0_162.jdk/Contents/Home/jre/lib/libnpt.dylib
0x000000010dbf9000 	/Library/Java/JavaVirtualMachines/jdk1.8.0_162.jdk/Contents/Home/jre/lib/libinstrument.dylib
0x000000010dc8d000 	/Library/Java/JavaVirtualMachines/jdk1.8.0_162.jdk/Contents/Home/jre/lib/libzip.dylib
0x0000000111c64000 	/Library/Java/JavaVirtualMachines/jdk1.8.0_162.jdk/Contents/Home/jre/lib/libdt_socket.dylib
0x0000000129272000 	/Library/Java/JavaVirtualMachines/jdk1.8.0_162.jdk/Contents/Home/jre/lib/libmanagement.dylib
0x0000000129280000 	/Library/Java/JavaVirtualMachines/jdk1.8.0_162.jdk/Contents/Home/jre/lib/libnet.dylib
0x00000001292df000 	/Library/Java/JavaVirtualMachines/jdk1.8.0_162.jdk/Contents/Home/jre/lib/libnio.dylib

VM Arguments:
jvm_args: -agentlib:jdwp=transport=dt_socket,address=127.0.0.1:49616,suspend=y,server=n -XX:TieredStopAtLevel=1 -Xverify:none -Dspring.output.ansi.enabled=always -Dcom.sun.management.jmxremote -Dcom.sun.management.jmxremote.port=49615 -Dcom.sun.management.jmxremote.authenticate=false -Dcom.sun.management.jmxremote.ssl=false -Djava.rmi.server.hostname=127.0.0.1 -Dspring.liveBeansView.mbeanDomain -Dspring.application.admin.enabled=true -javaagent:/Users/benas/Library/Caches/IntelliJIdea2018.1/captureAgent/debugger-agent.jar=file:/private/var/folders/1h/_vjvts396914rjpsp3xdl9t80000gn/T/capture.props -Dfile.encoding=UTF-8 
java_command: my.project.BenasProject.BenasProjectApplication
java_class_path (initial): /Library/Java/JavaVirtualMachines/jdk1.8.0_162.jdk/Contents/Home/jre/lib/charsets.jar:/Library/Java/JavaVirtualMachines/jdk1.8.0_162.jdk/Contents/Home/jre/lib/deploy.jar:/Library/Java/JavaVirtualMachines/jdk1.8.0_162.jdk/Contents/Home/jre/lib/ext/cldrdata.jar:/Library/Java/JavaVirtualMachines/jdk1.8.0_162.jdk/Contents/Home/jre/lib/ext/dnsns.jar:/Library/Java/JavaVirtualMachines/jdk1.8.0_162.jdk/Contents/Home/jre/lib/ext/jaccess.jar:/Library/Java/JavaVirtualMachines/jdk1.8.0_162.jdk/Contents/Home/jre/lib/ext/jfxrt.jar:/Library/Java/JavaVirtualMachines/jdk1.8.0_162.jdk/Contents/Home/jre/lib/ext/localedata.jar:/Library/Java/JavaVirtualMachines/jdk1.8.0_162.jdk/Contents/Home/jre/lib/ext/nashorn.jar:/Library/Java/JavaVirtualMachines/jdk1.8.0_162.jdk/Contents/Home/jre/lib/ext/sunec.jar:/Library/Java/JavaVirtualMachines/jdk1.8.0_162.jdk/Contents/Home/jre/lib/ext/sunjce_provider.jar:/Library/Java/JavaVirtualMachines/jdk1.8.0_162.jdk/Contents/Home/jre/lib/ext/sunpkcs11.jar:/Library/Java/JavaVirtualMachines/jdk1.8.0_162.jdk/Contents/Home/jre/lib/ext/zipfs.jar:/Library/Java/JavaVirtualMachines/jdk1.8.0_162.jdk/Contents/Home/jre/lib/javaws.jar:/Library/Java/JavaVirtualMachines/jdk1.8.0_162.jdk/Contents/Home/jre/lib/jce.jar:/Library/Java/JavaVirtualMachines/jdk1.8.0_162.jdk/Contents/Home/jre/lib/jfr.jar:/Library/Java/JavaVirtualMachines/jdk1.8.0_162.jdk/Contents/Home/jre/lib/jfxswt.jar:/Library/Java/JavaVirtualMachines/jdk1.8.0_162.jdk/Contents/Home/jre/lib/jsse.jar:/Library/Java/JavaVirtualMachines/jdk1.8.0_162.jdk/Contents/Home/jre/lib/management-agent.jar:/Library/Java/JavaVirtualMachines/jdk1.8.0_162.jdk/Contents/Home/jre/lib/plugin.jar:/Library/Java/JavaVirtualMachines/jdk1.8.0_162.jdk/Contents/Home/jre/lib/resources.jar:/Library/Java/JavaVirtualMachines/jdk1.8.0_162.jdk/Contents/Home/jre/lib/rt.jar:/Library/Java/JavaVirtualMachines/jdk1.8.0_162.jdk/Contents/Home/lib/ant-javafx.jar:/Library/Java/JavaVirtualMachines/jdk1.8.0_162.jdk/Contents/Home
Launcher Type: SUN_STANDARD

Environment Variables:
JAVA_HOME=/Library/Java/JavaVirtualMachines/jdk-10.0.2.jdk/Contents/Home
PATH=/Users/benas/.sdkman/candidates/springboot/current/bin:/Users/benas/.sdkman/candidates/grails/current/bin:/Users/benas/.sdkman/candidates/gradle/current/bin:/Users/benas/apps/chromedriver/bin:/usr/local/git/bin:/sw/bin/:/usr/local/bin:/usr/local/:/usr/local/sbin:/usr/local/mysql/bin:/usr/local/bin:/usr/bin:/bin:/usr/sbin:/sbin:/opt/X11/bin:/usr/local/bin/
SHELL=/bin/bash
DISPLAY=/private/tmp/com.apple.launchd.MPR68r5d32/org.macosforge.xquartz:0

Signal Handlers:
SIGSEGV: [libjvm.dylib+0x5b52b5], sa_mask[0]=11111111011111110111111111111111, sa_flags=SA_ONSTACK|SA_RESTART|SA_SIGINFO
SIGBUS: [libjvm.dylib+0x5b52b5], sa_mask[0]=11111111011111110111111111111111, sa_flags=SA_RESTART|SA_SIGINFO
SIGFPE: [libjvm.dylib+0x48ac5c], sa_mask[0]=11111111011111110111111111111111, sa_flags=SA_RESTART|SA_SIGINFO
SIGPIPE: [libjvm.dylib+0x48ac5c], sa_mask[0]=11111111011111110111111111111111, sa_flags=SA_RESTART|SA_SIGINFO
SIGXFSZ: [libjvm.dylib+0x48ac5c], sa_mask[0]=11111111011111110111111111111111, sa_flags=SA_RESTART|SA_SIGINFO
SIGILL: [libjvm.dylib+0x48ac5c], sa_mask[0]=11111111011111110111111111111111, sa_flags=SA_RESTART|SA_SIGINFO
SIGUSR1: SIG_DFL, sa_mask[0]=00000000000000000000000000000000, sa_flags=none
SIGUSR2: [libjvm.dylib+0x48a77a], sa_mask[0]=00100000000000000000000000000000, sa_flags=SA_RESTART|SA_SIGINFO
SIGHUP: [libjvm.dylib+0x488d45], sa_mask[0]=11111111011111110111111111111111, sa_flags=SA_RESTART|SA_SIGINFO
SIGINT: [libjvm.dylib+0x488d45], sa_mask[0]=11111111011111110111111111111111, sa_flags=SA_RESTART|SA_SIGINFO
SIGTERM: [libjvm.dylib+0x488d45], sa_mask[0]=11111111011111110111111111111111, sa_flags=SA_RESTART|SA_SIGINFO
SIGQUIT: [libjvm.dylib+0x488d45], sa_mask[0]=11111111011111110111111111111111, sa_flags=SA_RESTART|SA_SIGINFO


---------------  S Y S T E M  ---------------

OS:Bsduname:Darwin 18.6.0 Darwin Kernel Version 18.6.0: Thu Apr 25 23:16:27 PDT 2019; root:xnu-4903.261.4~2/RELEASE_X86_64 x86_64
rlimit: STACK 8192k, CORE 0k, NPROC 1418, NOFILE 10240, AS infinity
load average:3.31 3.75 3.67

CPU:total 8 (initial active 8) (4 cores per cpu, 2 threads per core) family 6 model 70 stepping 1, cmov, cx8, fxsr, mmx, sse, sse2, sse3, ssse3, sse4.1, sse4.2, popcnt, avx, avx2, aes, clmul, erms, lzcnt, ht, tsc, tscinvbit, bmi1, bmi2

Memory: 4k page, physical 16777216k(1010796k free)

/proc/meminfo:


vm_info: Java HotSpot(TM) 64-Bit Server VM (25.162-b12) for bsd-amd64 JRE (1.8.0_162-b12), built on Dec 19 2017 17:33:35 by "java_re" with gcc 4.2.1 (Based on Apple Inc. build 5658) (LLVM build 2336.11.00)

time: Tue May 28 07:51:26 2019
elapsed time: 29 seconds (0d 0h 0m 29s)

